<?xml version="1.0" encoding="UTF-8"?>
<testsuite name="seng201.team0.unittests.services.UpgradeServiceTest" tests="6" skipped="0" failures="0" errors="0" timestamp="2024-07-31T06:40:24" hostname="Isaacs-MacBook-Air-7.local" time="0.032">
  <properties/>
  <testcase name="testSellNoInventory()" classname="seng201.team0.unittests.services.UpgradeServiceTest" time="0.005"/>
  <testcase name="testSellWrongIndices()" classname="seng201.team0.unittests.services.UpgradeServiceTest" time="0.001"/>
  <testcase name="testBuy()" classname="seng201.team0.unittests.services.UpgradeServiceTest" time="0.002"/>
  <testcase name="testSell()" classname="seng201.team0.unittests.services.UpgradeServiceTest" time="0.001"/>
  <testcase name="testBuyNoCoins()" classname="seng201.team0.unittests.services.UpgradeServiceTest" time="0.001"/>
  <testcase name="testMakeClone()" classname="seng201.team0.unittests.services.UpgradeServiceTest" time="0.003"/>
  <system-out><![CDATA[]]></system-out>
  <system-err><![CDATA[]]></system-err>
</testsuite>
