<?xml version="1.0" encoding="UTF-8"?>
<testsuite name="seng201.team0.unittests.services.RoundServiceTest" tests="1" skipped="0" failures="0" errors="0" timestamp="2024-07-31T06:40:24" hostname="Isaacs-MacBook-Air-7.local" time="0.004">
  <properties/>
  <testcase name="testGetCarts()" classname="seng201.team0.unittests.services.RoundServiceTest" time="0.004"/>
  <system-out><![CDATA[]]></system-out>
  <system-err><![CDATA[]]></system-err>
</testsuite>
