<?xml version="1.0" encoding="UTF-8"?>
<testsuite name="seng201.team0.unittests.services.TowerServiceTest" tests="10" skipped="0" failures="0" errors="0" timestamp="2024-07-31T06:40:24" hostname="Isaacs-MacBook-Air-7.local" time="0.159">
  <properties/>
  <testcase name="testBuyFullInventory()" classname="seng201.team0.unittests.services.TowerServiceTest" time="0.011"/>
  <testcase name="testSellNoInventory()" classname="seng201.team0.unittests.services.TowerServiceTest" time="0.0"/>
  <testcase name="testBuy()" classname="seng201.team0.unittests.services.TowerServiceTest" time="0.004"/>
  <testcase name="testSell()" classname="seng201.team0.unittests.services.TowerServiceTest" time="0.008"/>
  <testcase name="testTowerBreakHighLevel()" classname="seng201.team0.unittests.services.TowerServiceTest" time="0.003"/>
  <testcase name="testSellWrongIndex()" classname="seng201.team0.unittests.services.TowerServiceTest" time="0.003"/>
  <testcase name="testUpgrade()" classname="seng201.team0.unittests.services.TowerServiceTest" time="0.006"/>
  <testcase name="testLevelUp()" classname="seng201.team0.unittests.services.TowerServiceTest" time="0.007"/>
  <testcase name="testBuyNoCoins()" classname="seng201.team0.unittests.services.TowerServiceTest" time="0.028"/>
  <testcase name="testMakeClone()" classname="seng201.team0.unittests.services.TowerServiceTest" time="0.008"/>
  <system-out><![CDATA[]]></system-out>
  <system-err><![CDATA[]]></system-err>
</testsuite>
